<?xml version="1.0" encoding="UTF-8"?>
<!-- Generated by org.testng.reporters.JUnitReportReporter -->
<testsuite hostname="DESKTOP-DC5U0BQ" failures="0" tests="5" name="Page_Object_Test.Select_Vehicle_Page_Test" time="77.295" errors="0" timestamp="2023-12-05T08:44:08 IST" skipped="0">
  <testcase classname="Page_Object_Test.Select_Vehicle_Page_Test" name="TC009_verify_Nick_Name" time="14.873"/>
  <system-out/>
  <testcase classname="Page_Object_Test.Select_Vehicle_Page_Test" name="TC010_Verify_With_30_letter_nick_name" time="10.179"/>
  <system-out/>
  <testcase classname="Page_Object_Test.Select_Vehicle_Page_Test" name="TC011_Verify_With_31_letter_nick_name" time="7.961"/>
  <system-out/>
  <testcase classname="Page_Object_Test.Select_Vehicle_Page_Test" name="TC012_Verify_With_29_letter_nick_name" time="17.648"/>
  <system-out/>
  <testcase classname="Page_Object_Test.Select_Vehicle_Page_Test" name="TC013_Select_Vehicle" time="26.634"/>
  <system-out/>
</testsuite> <!-- Page_Object_Test.Select_Vehicle_Page_Test -->
