<?xml version="1.0" encoding="UTF-8"?>
<!-- Generated by org.testng.reporters.JUnitReportReporter -->
<testsuite hostname="DESKTOP-DC5U0BQ" failures="0" tests="7" name="Page_Object_Test.My_Profile_Page_Test" time="275.341" errors="0" timestamp="2023-12-05T21:27:32 IST" skipped="0">
  <testcase classname="Page_Object_Test.My_Profile_Page_Test" name="TC028_Verify_My_Profile" time="75.684"/>
  <system-out/>
  <testcase classname="Page_Object_Test.My_Profile_Page_Test" name="TC029_verify_more_detais_button" time="24.927"/>
  <system-out/>
  <testcase classname="Page_Object_Test.My_Profile_Page_Test" name="TC030_edit_profile_button" time="22.161"/>
  <system-out/>
  <testcase classname="Page_Object_Test.My_Profile_Page_Test" name="TC031_edit_Personal_Details" time="42.555"/>
  <system-out/>
  <testcase classname="Page_Object_Test.My_Profile_Page_Test" name="TC032_change_original_Personal_Details" time="20.252"/>
  <system-out/>
  <testcase classname="Page_Object_Test.My_Profile_Page_Test" name="TC033_Manage_License" time="43.190"/>
  <system-out/>
  <testcase classname="Page_Object_Test.My_Profile_Page_Test" name="TC034_Verify_emergency_contacts" time="46.572"/>
  <system-out/>
</testsuite> <!-- Page_Object_Test.My_Profile_Page_Test -->
